# JRE version: Java(TM) SE Runtime Environment (8.0_60-b27) (build 1.8.0_60-b27)
# Java VM: Java HotSpot(TM) 64-Bit Server VM (25.60-b23 mixed mode windows-amd64 compressed oops)
Heap:
 PSYoungGen      total 18944K, used 4519K [0x00000000eb300000, 0x00000000ec800000, 0x0000000100000000)
  eden space 16384K, 27% used [0x00000000eb300000,0x00000000eb769fe0,0x00000000ec300000)
  from space 2560K, 0% used [0x00000000ec300000,0x00000000ec300000,0x00000000ec580000)
  to   space 2560K, 0% used [0x00000000ec580000,0x00000000ec580000,0x00000000ec800000)
 ParOldGen       total 37376K, used 3493K [0x00000000c1800000, 0x00000000c3c80000, 0x00000000eb300000)
  object space 37376K, 9% used [0x00000000c1800000,0x00000000c1b69788,0x00000000c3c80000)
 Metaspace       used 8969K, capacity 9132K, committed 9472K, reserved 1062912K
  class space    used 1108K, capacity 1188K, committed 1280K, reserved 1048576K
GC Heap History (4 events):
Event: 0.379 GC heap before
{Heap before GC invocations=1 (full 0):
 PSYoungGen      total 18944K, used 6763K [0x00000000eb300000, 0x00000000ec800000, 0x0000000100000000)
  eden space 16384K, 41% used [0x00000000eb300000,0x00000000eb99ac00,0x00000000ec300000)
  from space 2560K, 0% used [0x00000000ec580000,0x00000000ec580000,0x00000000ec800000)
  to   space 2560K, 0% used [0x00000000ec300000,0x00000000ec300000,0x00000000ec580000)
 ParOldGen       total 44032K, used 0K [0x00000000c1800000, 0x00000000c4300000, 0x00000000eb300000)
  object space 44032K, 0% used [0x00000000c1800000,0x00000000c1800000,0x00000000c4300000)
 Metaspace       used 6645K, capacity 6752K, committed 6784K, reserved 1062912K
  class space    used 797K, capacity 866K, committed 896K, reserved 1048576K
Event: 0.384 GC heap after
Heap after GC invocations=1 (full 0):
 PSYoungGen      total 18944K, used 2306K [0x00000000eb300000, 0x00000000ec800000, 0x0000000100000000)
  eden space 16384K, 0% used [0x00000000eb300000,0x00000000eb300000,0x00000000ec300000)
  from space 2560K, 90% used [0x00000000ec300000,0x00000000ec540810,0x00000000ec580000)
  to   space 2560K, 0% used [0x00000000ec580000,0x00000000ec580000,0x00000000ec800000)
 ParOldGen       total 44032K, used 1258K [0x00000000c1800000, 0x00000000c4300000, 0x00000000eb300000)
  object space 44032K, 2% used [0x00000000c1800000,0x00000000c193a810,0x00000000c4300000)
 Metaspace       used 6645K, capacity 6752K, committed 6784K, reserved 1062912K
  class space    used 797K, capacity 866K, committed 896K, reserved 1048576K
}
Event: 0.384 GC heap before
{Heap before GC invocations=2 (full 1):
 PSYoungGen      total 18944K, used 2306K [0x00000000eb300000, 0x00000000ec800000, 0x0000000100000000)
  eden space 16384K, 0% used [0x00000000eb300000,0x00000000eb300000,0x00000000ec300000)
  from space 2560K, 90% used [0x00000000ec300000,0x00000000ec540810,0x00000000ec580000)
  to   space 2560K, 0% used [0x00000000ec580000,0x00000000ec580000,0x00000000ec800000)
 ParOldGen       total 44032K, used 1258K [0x00000000c1800000, 0x00000000c4300000, 0x00000000eb300000)
  object space 44032K, 2% used [0x00000000c1800000,0x00000000c193a810,0x00000000c4300000)
 Metaspace       used 6645K, capacity 6752K, committed 6784K, reserved 1062912K
  class space    used 797K, capacity 866K, committed 896K, reserved 1048576K
Event: 0.512 GC heap after
Heap after GC invocations=2 (full 1):
 PSYoungGen      total 18944K, used 0K [0x00000000eb300000, 0x00000000ec800000, 0x0000000100000000)
  eden space 16384K, 0% used [0x00000000eb300000,0x00000000eb300000,0x00000000ec300000)
  from space 2560K, 0% used [0x00000000ec300000,0x00000000ec300000,0x00000000ec580000)
  to   space 2560K, 0% used [0x00000000ec580000,0x00000000ec580000,0x00000000ec800000)
 ParOldGen       total 37376K, used 3493K [0x00000000c1800000, 0x00000000c3c80000, 0x00000000eb300000)
  object space 37376K, 9% used [0x00000000c1800000,0x00000000c1b69788,0x00000000c3c80000)
 Metaspace       used 6645K, capacity 6752K, committed 6784K, reserved 1060864K
  class space    used 797K, capacity 866K, committed 896K, reserved 1048576K
}

